*** Starting uWSGI 2.0.18 (64bit) on [Mon May 11 21:41:49 2020] ***
compiled with version: 4.8.5 20150623 (Red Hat 4.8.5-39) on 11 May 2020 13:33:43
os: Linux-3.10.0-514.26.2.el7.x86_64 #1 SMP Tue Jul 4 15:04:05 UTC 2017
nodename: izuf61m5r178m5onpuq31yz
machine: x86_64
clock source: unix
pcre jit disabled
detected number of CPU cores: 1
current working directory: /var/www/MyBlog
writing pidfile to uwsgi.pid
detected binary path: /root/.virtualenvs/django/bin/uwsgi
uWSGI running as root, you can use --uid/--gid/--chroot options
*** WARNING: you are running uWSGI as root !!! (use the --uid flag) *** 
chdir() to /var/www/MyBlog/blog
your processes number limit is 7277
your memory page size is 4096 bytes
detected max file descriptor number: 65535
lock engine: pthread robust mutexes
thunder lock: disabled (you can enable it with --thunder-lock)
uwsgi socket 0 bound to TCP address 127.0.0.1:3031 fd 3
uWSGI running as root, you can use --uid/--gid/--chroot options
*** WARNING: you are running uWSGI as root !!! (use the --uid flag) *** 
Python version: 3.6.5 (default, May 11 2020, 17:43:49)  [GCC 4.8.5 20150623 (Red Hat 4.8.5-11)]
Python main interpreter initialized at 0x134c1b0
uWSGI running as root, you can use --uid/--gid/--chroot options
*** WARNING: you are running uWSGI as root !!! (use the --uid flag) *** 
python threads support enabled
your server socket listen backlog is limited to 100 connections
your mercy for graceful operations on workers is 60 seconds
mapped 416880 bytes (407 KB) for 8 cores
*** Operational MODE: preforking+threaded ***
Traceback (most recent call last):
  File "blog/wsgi.py", line 12, in <module>
    from django.core.wsgi import get_wsgi_application
ModuleNotFoundError: No module named 'django'
unable to load app 0 (mountpoint='') (callable not found or import error)
*** no app loaded. going in full dynamic mode ***
uWSGI running as root, you can use --uid/--gid/--chroot options
*** WARNING: you are running uWSGI as root !!! (use the --uid flag) *** 
*** uWSGI is running in multiple interpreter mode ***
spawned uWSGI master process (pid: 26317)
spawned uWSGI worker 1 (pid: 26318, cores: 2)
spawned uWSGI worker 2 (pid: 26319, cores: 2)
spawned uWSGI worker 3 (pid: 26320, cores: 2)
spawned uWSGI worker 4 (pid: 26321, cores: 2)
--- no python application found, check your startup logs for errors ---
[pid: 26318|app: -1|req: -1/1] 27.18.107.22 () {48 vars in 1197 bytes} [Mon May 11 21:48:55 2020] GET /blog/static/artical => generated 21 bytes in 0 msecs (HTTP/1.1 500) 2 headers in 83 bytes (0 switches on core 0)
SIGINT/SIGQUIT received...killing workers...
worker 1 buried after 1 seconds
worker 2 buried after 1 seconds
worker 3 buried after 1 seconds
worker 4 buried after 1 seconds
goodbye to uWSGI.
*** Starting uWSGI 2.0.18 (64bit) on [Mon May 11 21:50:20 2020] ***
compiled with version: 4.8.5 20150623 (Red Hat 4.8.5-39) on 11 May 2020 13:33:43
os: Linux-3.10.0-514.26.2.el7.x86_64 #1 SMP Tue Jul 4 15:04:05 UTC 2017
nodename: izuf61m5r178m5onpuq31yz
machine: x86_64
clock source: unix
pcre jit disabled
detected number of CPU cores: 1
current working directory: /var/www/MyBlog
writing pidfile to uwsgi.pid
detected binary path: /root/.virtualenvs/django/bin/uwsgi
uWSGI running as root, you can use --uid/--gid/--chroot options
*** WARNING: you are running uWSGI as root !!! (use the --uid flag) *** 
chdir() to /var/www/MyBlog/blog
your processes number limit is 7277
your memory page size is 4096 bytes
detected max file descriptor number: 65535
lock engine: pthread robust mutexes
thunder lock: disabled (you can enable it with --thunder-lock)
uwsgi socket 0 bound to TCP address 127.0.0.1:3031 fd 3
uWSGI running as root, you can use --uid/--gid/--chroot options
*** WARNING: you are running uWSGI as root !!! (use the --uid flag) *** 
Python version: 3.6.5 (default, May 11 2020, 17:43:49)  [GCC 4.8.5 20150623 (Red Hat 4.8.5-11)]
Python main interpreter initialized at 0xf3c1b0
uWSGI running as root, you can use --uid/--gid/--chroot options
*** WARNING: you are running uWSGI as root !!! (use the --uid flag) *** 
python threads support enabled
your server socket listen backlog is limited to 100 connections
your mercy for graceful operations on workers is 60 seconds
mapped 416880 bytes (407 KB) for 8 cores
*** Operational MODE: preforking+threaded ***
Traceback (most recent call last):
  File "blog/wsgi.py", line 12, in <module>
    from django.core.wsgi import get_wsgi_application
ModuleNotFoundError: No module named 'django'
unable to load app 0 (mountpoint='') (callable not found or import error)
*** no app loaded. going in full dynamic mode ***
uWSGI running as root, you can use --uid/--gid/--chroot options
*** WARNING: you are running uWSGI as root !!! (use the --uid flag) *** 
*** uWSGI is running in multiple interpreter mode ***
spawned uWSGI master process (pid: 26949)
spawned uWSGI worker 1 (pid: 26950, cores: 2)
spawned uWSGI worker 2 (pid: 26951, cores: 2)
spawned uWSGI worker 3 (pid: 26952, cores: 2)
spawned uWSGI worker 4 (pid: 26953, cores: 2)
--- no python application found, check your startup logs for errors ---
[pid: 26951|app: -1|req: -1/1] 27.18.107.22 () {44 vars in 1106 bytes} [Mon May 11 21:50:52 2020] GET /blog/static/artical => generated 21 bytes in 0 msecs (HTTP/1.1 500) 2 headers in 83 bytes (0 switches on core 0)
--- no python application found, check your startup logs for errors ---
[pid: 26950|app: -1|req: -1/2] 27.18.107.22 () {44 vars in 1106 bytes} [Mon May 11 21:50:52 2020] GET /blog/static/artical => generated 21 bytes in 0 msecs (HTTP/1.1 500) 2 headers in 83 bytes (0 switches on core 0)
--- no python application found, check your startup logs for errors ---
[pid: 26951|app: -1|req: -1/3] 27.18.107.22 () {44 vars in 1106 bytes} [Mon May 11 21:50:53 2020] GET /blog/static/artical => generated 21 bytes in 0 msecs (HTTP/1.1 500) 2 headers in 83 bytes (0 switches on core 0)
--- no python application found, check your startup logs for errors ---
[pid: 26951|app: -1|req: -1/4] 27.18.107.22 () {44 vars in 1106 bytes} [Mon May 11 21:50:53 2020] GET /blog/static/artical => generated 21 bytes in 0 msecs (HTTP/1.1 500) 2 headers in 83 bytes (0 switches on core 0)
SIGINT/SIGQUIT received...killing workers...
worker 1 buried after 1 seconds
worker 2 buried after 1 seconds
worker 3 buried after 1 seconds
worker 4 buried after 1 seconds
goodbye to uWSGI.
*** Starting uWSGI 2.0.18 (64bit) on [Mon May 11 21:51:43 2020] ***
compiled with version: 4.8.5 20150623 (Red Hat 4.8.5-39) on 11 May 2020 13:33:43
os: Linux-3.10.0-514.26.2.el7.x86_64 #1 SMP Tue Jul 4 15:04:05 UTC 2017
nodename: izuf61m5r178m5onpuq31yz
machine: x86_64
clock source: unix
pcre jit disabled
detected number of CPU cores: 1
current working directory: /var/www/MyBlog
writing pidfile to uwsgi.pid
detected binary path: /root/.virtualenvs/django/bin/uwsgi
uWSGI running as root, you can use --uid/--gid/--chroot options
*** WARNING: you are running uWSGI as root !!! (use the --uid flag) *** 
chdir() to /var/www/MyBlog/blog
your processes number limit is 7277
your memory page size is 4096 bytes
detected max file descriptor number: 65535
lock engine: pthread robust mutexes
thunder lock: disabled (you can enable it with --thunder-lock)
bind(): Cannot assign requested address [core/socket.c line 769]
*** Starting uWSGI 2.0.18 (64bit) on [Mon May 11 22:16:34 2020] ***
compiled with version: 4.8.5 20150623 (Red Hat 4.8.5-39) on 11 May 2020 13:33:43
os: Linux-3.10.0-514.26.2.el7.x86_64 #1 SMP Tue Jul 4 15:04:05 UTC 2017
nodename: izuf61m5r178m5onpuq31yz
machine: x86_64
clock source: unix
pcre jit disabled
detected number of CPU cores: 1
current working directory: /var/www/MyBlog
writing pidfile to uwsgi.pid
detected binary path: /root/.virtualenvs/django/bin/uwsgi
uWSGI running as root, you can use --uid/--gid/--chroot options
*** WARNING: you are running uWSGI as root !!! (use the --uid flag) *** 
chdir() to /var/www/MyBlog/blog
your processes number limit is 7277
your memory page size is 4096 bytes
detected max file descriptor number: 65535
lock engine: pthread robust mutexes
thunder lock: disabled (you can enable it with --thunder-lock)
bind(): Cannot assign requested address [core/socket.c line 769]
