*** Starting uWSGI 2.0.18 (64bit) on [Mon May 11 22:13:22 2020] ***
compiled with version: 4.8.5 20150623 (Red Hat 4.8.5-39) on 11 May 2020 13:33:43
os: Linux-3.10.0-514.26.2.el7.x86_64 #1 SMP Tue Jul 4 15:04:05 UTC 2017
nodename: izuf61m5r178m5onpuq31yz
machine: x86_64
clock source: unix
pcre jit disabled
detected number of CPU cores: 1
current working directory: /var/www/MyBlog/blog
writing pidfile to uwsgi.pid
detected binary path: /root/.virtualenvs/django/bin/uwsgi
uWSGI running as root, you can use --uid/--gid/--chroot options
*** WARNING: you are running uWSGI as root !!! (use the --uid flag) *** 
chdir() to /var/www/MyBlog/blog
your processes number limit is 7277
your memory page size is 4096 bytes
detected max file descriptor number: 65535
lock engine: pthread robust mutexes
thunder lock: disabled (you can enable it with --thunder-lock)
bind(): Cannot assign requested address [core/socket.c line 769]
*** Starting uWSGI 2.0.18 (64bit) on [Mon May 11 22:14:44 2020] ***
compiled with version: 4.8.5 20150623 (Red Hat 4.8.5-39) on 11 May 2020 13:33:43
os: Linux-3.10.0-514.26.2.el7.x86_64 #1 SMP Tue Jul 4 15:04:05 UTC 2017
nodename: izuf61m5r178m5onpuq31yz
machine: x86_64
clock source: unix
pcre jit disabled
detected number of CPU cores: 1
current working directory: /var/www/MyBlog/blog
writing pidfile to uwsgi.pid
detected binary path: /root/.virtualenvs/django/bin/uwsgi
uWSGI running as root, you can use --uid/--gid/--chroot options
*** WARNING: you are running uWSGI as root !!! (use the --uid flag) *** 
chdir() to /var/www/MyBlog/blog
your processes number limit is 7277
your memory page size is 4096 bytes
detected max file descriptor number: 65535
lock engine: pthread robust mutexes
thunder lock: disabled (you can enable it with --thunder-lock)
bind(): Cannot assign requested address [core/socket.c line 769]
